[2020-12-17 14:07:31] : ProcessVoucher -> - ["Getting Id 1766ea9c2d6b831e"]
[2020-12-17 14:07:31] : ProcessVoucher -> - ["Getting Id 1766ea6be38c716d"]
[2020-12-17 14:07:31] : ProcessVoucher -> - ["Getting Id 1766ea45c40a41df"]
[2020-12-17 14:07:31] : ProcessVoucher -> - ["Getting Id 1766e9cecdc59a6d"]
[2020-12-17 14:07:31] : ProcessVoucher -> - ["Getting Id 1766e8462cd859c8"]
[2020-12-17 14:07:31] : ProcessVoucher -> - ["Getting Id 1766e79c678354f0"]
[2020-12-17 14:07:31] : ProcessVoucher -> - ["Getting Id 1766e5154f07536d"]
[2020-12-17 14:07:31] : ProcessVoucher -> - ["Getting Id 1766e4ea1d0d948c"]
[2020-12-17 14:07:31] : ProcessVoucher -> - ["Getting Id 1766e22ae8013032"]
[2020-12-17 14:07:31] : ProcessVoucher -> - ["Getting Id 1766e01eaf46c2b4"]
[2020-12-17 14:07:31] : ProcessVoucher -> - ["Getting Id 1766d38f26c05ef6"]
[2020-12-17 14:07:31] : ProcessVoucher -> - ["Getting Id 1766d0c33e014dab"]
[2020-12-17 14:07:31] : ProcessVoucher -> - ["Getting Id 1766c5ff2365849f"]
[2020-12-17 14:07:31] : ProcessVoucher -> - ["Getting Id 1766c550280eeada"]
[2020-12-17 14:07:31] : ProcessVoucher -> - ["Getting Id 1766c53596b92aff"]
[2020-12-17 14:07:31] : ProcessVoucher -> - ["Getting Id 1766c4d774dd4c15"]
[2020-12-17 14:07:31] : ProcessVoucher -> - ["Getting Id 1766bdb69795da4f"]
[2020-12-17 14:07:31] : ProcessVoucher -> - ["Getting Id 1766ba1bd0df5322"]
[2020-12-17 14:07:31] : ProcessVoucher -> - ["Getting Id 1766b6c56a2f74a5"]
[2020-12-17 14:07:31] : ProcessVoucher -> - ["Getting Id 1766b5a60d9f5988"]
[2020-12-17 14:07:31] : ProcessVoucher -> - ["Getting Id 1766b596fb6e12d6"]
[2020-12-17 14:07:31] : ProcessVoucher -> - ["Getting Id 1766b4046c443910"]
[2020-12-17 14:07:31] : ProcessVoucher -> - ["Getting Id 1766b34419402bfd"]
[2020-12-17 14:07:31] : ProcessVoucher -> - ["Getting Id 1766b289250d3e10"]
[2020-12-17 14:07:31] : ProcessVoucher -> - ["Getting Id 1766b269f17da5bd"]
[2020-12-17 14:07:31] : ProcessVoucher -> - ["Getting Id 1766b26669365f78"]
[2020-12-17 14:07:31] : ProcessVoucher -> - ["Getting Id 1766b23225f198ef"]
[2020-12-17 14:07:31] : ProcessVoucher -> - ["Getting Id 1766b196a7550200"]
[2020-12-17 14:07:31] : ProcessVoucher -> - ["Getting Id 1766b17f151c938e"]
[2020-12-17 14:07:31] : ProcessVoucher -> - ["Getting Id 1766b179e7e3fe4b"]
[2020-12-17 14:07:31] : ProcessVoucher -> - ["Getting Id 1766b0f35c5016ac"]
[2020-12-17 14:07:31] : ProcessVoucher -> - ["Getting Id 1766b0f350c2342e"]
[2020-12-17 14:07:31] : ProcessVoucher -> - ["Getting Id 1766b0f326ecd47d"]
[2020-12-17 14:07:31] : ProcessVoucher -> - ["Getting Id 1766b06827b7e0a9"]
[2020-12-17 14:07:31] : ProcessVoucher -> - ["Getting Id 1766b010479bd40d"]
[2020-12-17 14:07:31] : ProcessVoucher -> - ["Getting Id 1766af3499e518b6"]
[2020-12-17 14:07:31] : ProcessVoucher -> - ["Getting Id 1766aea9f5bf3a2a"]
[2020-12-17 14:07:31] : ProcessVoucher -> - ["Getting Id 1766ae7af6960526"]
[2020-12-17 14:07:31] : ProcessVoucher -> - ["Getting Id 1766ad7258baa283"]
[2020-12-17 14:07:31] : ProcessVoucher -> - ["Getting Id 1766acf59806569c"]
[2020-12-17 14:07:31] : ProcessVoucher -> - ["Getting Id 1766ac25053a96f0"]
[2020-12-17 14:07:31] : ProcessVoucher -> - ["Getting Id 1766abfbfd3b0c27"]
[2020-12-17 14:07:31] : ProcessVoucher -> - ["Getting Id 1766abce55834fec"]
[2020-12-17 14:07:31] : ProcessVoucher -> - ["Getting Id 1766ab9243db8e7b"]
[2020-12-17 14:07:31] : ProcessVoucher -> - ["Getting Id 1766aaa278328501"]
[2020-12-17 14:07:31] : ProcessVoucher -> - ["Getting Id 1766a9b25d786683"]
[2020-12-17 14:07:31] : ProcessVoucher -> - ["Getting Id 1766a39ba80fa7a7"]
[2020-12-17 14:07:31] : ProcessVoucher -> - ["Getting Id 1766a06c181a7a2a"]
[2020-12-17 14:07:31] : ProcessVoucher -> - ["Getting Id 17669c121229a738"]
[2020-12-17 14:07:31] : ProcessVoucher -> - ["Getting Id 1766970b950e533d"]
[2020-12-17 14:07:31] : ProcessVoucher -> - ["RE: RESERVATION CONFIRMATION GDS BY SITEMINDER - 44487SC000168"]
[2020-12-17 14:07:31] : ProcessVoucher -> - ["REPLY OR FWD"]
[2020-12-17 14:07:31] : Error:: > ProcessVoucher -> InfoError ReplyOrFwd
[2020-12-17 14:07:31] : ProcessVoucher -> - ["RE: BOOKING.COM BOOKING # 2329702146 FOR CANAVERAL, THRISSHA"]
[2020-12-17 14:07:31] : ProcessVoucher -> - ["REPLY OR FWD"]
[2020-12-17 14:07:31] : Error:: > ProcessVoucher -> InfoError ReplyOrFwd
[2020-12-17 14:07:31] : ProcessVoucher -> - ["RE: RESERVATION CONFIRMED - IAN EDWARDS ARRIVES 11 JAN"]
[2020-12-17 14:07:31] : ProcessVoucher -> - ["REPLY OR FWD"]
[2020-12-17 14:07:31] : Error:: > ProcessVoucher -> InfoError ReplyOrFwd
[2020-12-17 14:07:31] : ProcessVoucher -> - ["RE: BOOKING.COM BOOKING # 2909500121 FOR GHARRACH, GRACE"]
[2020-12-17 14:07:31] : ProcessVoucher -> - ["REPLY OR FWD"]
[2020-12-17 14:07:31] : Error:: > ProcessVoucher -> InfoError ReplyOrFwd
[2020-12-17 14:07:31] : ProcessVoucher -> - ["RE: EXPEDIA BOOKING # 1723298571 FOR GUEST ANDRESKI, ARRIVING: 30-JAN-2021"]
[2020-12-17 14:07:31] : ProcessVoucher -> - ["REPLY OR FWD"]
[2020-12-17 14:07:31] : Error:: > ProcessVoucher -> InfoError ReplyOrFwd
[2020-12-17 14:07:31] : ProcessVoucher -> - ["BOOKING.COM BOOKING # 2909500121 FOR GHARRACH, GRACE"]
[2020-12-17 14:07:31] : ProcessVoucher -> - ["BOOKING.COM"]
[2020-12-17 14:07:32] : Error:: > ProcessVoucher -> NSError Error Domain=NSCocoaErrorDomain Code=260 "The file doesn’t exist."
[2020-12-17 14:07:32] : ProcessVoucher -> - ["RE: EXPEDIA BOOKING # 1723298570 FOR GUEST ANDRESKI, ARRIVING: 30-JAN-2021"]
[2020-12-17 14:07:32] : ProcessVoucher -> - ["REPLY OR FWD"]
[2020-12-17 14:07:32] : Error:: > ProcessVoucher -> InfoError ReplyOrFwd
[2020-12-17 14:07:32] : ProcessVoucher -> - ["BOOKING.COM MODIFICATION FOR # 2329702146 FOR CANAVERAL, THRISSHA"]
[2020-12-17 14:07:32] : ProcessVoucher -> - ["BOOKING.COM"]
[2020-12-17 14:07:32] : Error:: > ProcessVoucher -> NSError Error Domain=NSCocoaErrorDomain Code=260 "The file doesn’t exist."
[2020-12-17 14:07:32] : ProcessVoucher -> - ["BOOKING.COM CANCELLATION FOR # 3940271695 FOR WILLIAMS, PEGGY"]
[2020-12-17 14:07:32] : ProcessVoucher -> - ["BOOKING.COM"]
[2020-12-17 14:07:32] : Error:: > ProcessVoucher -> NSError Error Domain=NSCocoaErrorDomain Code=260 "The file doesn’t exist."
[2020-12-17 14:07:32] : ProcessVoucher -> - ["RE: BOOKING.COM BOOKING # 2329702146 FOR CANAVERAL, THRISSHA"]
[2020-12-17 14:07:32] : ProcessVoucher -> - ["REPLY OR FWD"]
[2020-12-17 14:07:32] : Error:: > ProcessVoucher -> InfoError ReplyOrFwd
[2020-12-17 14:07:32] : ProcessVoucher -> - ["RE: BOOKING.COM BOOKING # 2909508673 FOR ELAND, KATRINA"]
[2020-12-17 14:07:32] : ProcessVoucher -> - ["REPLY OR FWD"]
[2020-12-17 14:07:32] : Error:: > ProcessVoucher -> InfoError ReplyOrFwd
[2020-12-17 14:07:32] : ProcessVoucher -> - ["BOOKING.COM BOOKING # 2909508673 FOR ELAND, KATRINA"]
[2020-12-17 14:07:32] : ProcessVoucher -> - ["BOOKING.COM"]
[2020-12-17 14:07:32] : Error:: > ProcessVoucher -> NSError Error Domain=NSCocoaErrorDomain Code=260 "The file doesn’t exist."
[2020-12-17 14:07:32] : ProcessVoucher -> - ["RE: RESERVATION CONFIRMATION GDS BY SITEMINDER - 44487SC000168"]
[2020-12-17 14:07:32] : ProcessVoucher -> - ["REPLY OR FWD"]
[2020-12-17 14:07:32] : Error:: > ProcessVoucher -> InfoError ReplyOrFwd
[2020-12-17 14:07:32] : ProcessVoucher -> - ["BOOKING.COM BOOKING # 2329702146 FOR CANAVERAL, THRISSHA"]
[2020-12-17 14:07:32] : ProcessVoucher -> - ["BOOKING.COM"]
[2020-12-17 14:07:32] : Error:: > ProcessVoucher -> NSError Error Domain=NSCocoaErrorDomain Code=260 "The file doesn’t exist."
[2020-12-17 14:07:32] : ProcessVoucher -> - ["RE: BOOKING.COM BOOKING # 3132499596 FOR WAPPLER, DESIREE"]
[2020-12-17 14:07:32] : ProcessVoucher -> - ["REPLY OR FWD"]
[2020-12-17 14:07:32] : Error:: > ProcessVoucher -> InfoError ReplyOrFwd
[2020-12-17 14:07:32] : ProcessVoucher -> - ["RE: BOOKING.COM BOOKING # 3594347835 FOR DAI, RUIZHE"]
[2020-12-17 14:07:32] : ProcessVoucher -> - ["REPLY OR FWD"]
[2020-12-17 14:07:32] : Error:: > ProcessVoucher -> InfoError ReplyOrFwd
[2020-12-17 14:07:32] : ProcessVoucher -> - ["BOOKING.COM BOOKING # 3594347835 FOR DAI, RUIZHE"]
[2020-12-17 14:07:32] : ProcessVoucher -> - ["BOOKING.COM"]
[2020-12-17 14:07:32] : Error:: > ProcessVoucher -> NSError Error Domain=NSCocoaErrorDomain Code=260 "The file doesn’t exist."
[2020-12-17 14:07:32] : ProcessVoucher -> - ["RE: BOOKING # 23394147 FOR SHAYE HALING"]
[2020-12-17 14:07:32] : ProcessVoucher -> - ["REPLY OR FWD"]
[2020-12-17 14:07:32] : Error:: > ProcessVoucher -> InfoError ReplyOrFwd
[2020-12-17 14:07:32] : ProcessVoucher -> - ["RE: BOOKING # 23393890 FOR GLENN ALGER"]
[2020-12-17 14:07:32] : ProcessVoucher -> - ["REPLY OR FWD"]
[2020-12-17 14:07:32] : Error:: > ProcessVoucher -> InfoError ReplyOrFwd
[2020-12-17 14:07:32] : ProcessVoucher -> - ["BOOKING.COM BOOKING # 3132499596 FOR WAPPLER, DESIREE"]
[2020-12-17 14:07:32] : ProcessVoucher -> - ["BOOKING.COM"]
[2020-12-17 14:07:33] : Error:: > ProcessVoucher -> NSError Error Domain=NSCocoaErrorDomain Code=260 "The file doesn’t exist."
[2020-12-17 14:07:33] : ProcessVoucher -> - ["RE: BOOKING.COM BOOKING # 2608528644 FOR VAN EGDOM, CARISSA"]
[2020-12-17 14:07:33] : ProcessVoucher -> - ["REPLY OR FWD"]
[2020-12-17 14:07:33] : Error:: > ProcessVoucher -> InfoError ReplyOrFwd
[2020-12-17 14:07:33] : ProcessVoucher -> - ["RE: BOOKING.COM BOOKING # 3095423934 FOR HODGINS, COLLEEN"]
[2020-12-17 14:07:33] : ProcessVoucher -> - ["REPLY OR FWD"]
[2020-12-17 14:07:33] : Error:: > ProcessVoucher -> InfoError ReplyOrFwd
[2020-12-17 14:07:33] : ProcessVoucher -> - ["RE: EXPEDIA BOOKING # 1723298569 FOR GUEST ANDRESKI, ARRIVING: 30-JAN-2021"]
[2020-12-17 14:07:33] : ProcessVoucher -> - ["REPLY OR FWD"]
[2020-12-17 14:07:33] : Error:: > ProcessVoucher -> InfoError ReplyOrFwd
[2020-12-17 14:07:33] : ProcessVoucher -> - ["SKPIPPING AUTO GEN FROM RMS"]
[2020-12-17 14:07:33] : Error:: > ProcessVoucher -> InfoError RMSAUTOGEN
[2020-12-17 14:07:33] : ProcessVoucher -> - ["BOOKING # 23394147 FOR SHAYE HALING"]
[2020-12-17 14:07:33] : ProcessVoucher -> - ["BOOKING"]
[2020-12-17 14:07:33] : Error:: > ProcessVoucher -> NSError Error Domain=NSCocoaErrorDomain Code=260 "The file doesn’t exist."
[2020-12-17 14:07:33] : ProcessVoucher -> - ["SKPIPPING AUTO GEN FROM RMS"]
[2020-12-17 14:07:33] : Error:: > ProcessVoucher -> InfoError RMSAUTOGEN
[2020-12-17 14:07:33] : ProcessVoucher -> - ["RE: BOOKING.COM BOOKING # 3095423934 FOR HODGINS, COLLEEN"]
[2020-12-17 14:07:33] : ProcessVoucher -> - ["REPLY OR FWD"]
[2020-12-17 14:07:33] : Error:: > ProcessVoucher -> InfoError ReplyOrFwd
[2020-12-17 14:07:33] : ProcessVoucher -> - ["SKPIPPING AUTO GEN FROM RMS"]
[2020-12-17 14:07:33] : Error:: > ProcessVoucher -> InfoError RMSAUTOGEN
[2020-12-17 14:07:33] : ProcessVoucher -> - ["BOOKING # 23393890 FOR GLENN ALGER"]
[2020-12-17 14:07:33] : ProcessVoucher -> - ["BOOKING"]
[2020-12-17 14:07:33] : Error:: > ProcessVoucher -> NSError Error Domain=NSCocoaErrorDomain Code=260 "The file doesn’t exist."
[2020-12-17 14:07:33] : ProcessVoucher -> - ["EXPEDIA BOOKING # 1723298571 FOR GUEST ANDRESKI, ARRIVING: 30-JAN-2021"]
[2020-12-17 14:07:33] : ProcessVoucher -> - ["EXPEDIA"]
[2020-12-17 14:07:33] : Error:: > ProcessVoucher -> NSError Error Domain=NSCocoaErrorDomain Code=260 "The file doesn’t exist."
[2020-12-17 14:07:33] : ProcessVoucher -> - ["BOOKING.COM CANCELLATION FOR # 2608528644 FOR VAN EGDOM, CARISSA"]
[2020-12-17 14:07:33] : ProcessVoucher -> - ["BOOKING.COM"]
[2020-12-17 14:07:33] : Error:: > ProcessVoucher -> NSError Error Domain=NSCocoaErrorDomain Code=260 "The file doesn’t exist."
[2020-12-17 14:07:33] : ProcessVoucher -> - ["EXPEDIA BOOKING # 1723298570 FOR GUEST ANDRESKI, ARRIVING: 30-JAN-2021"]
[2020-12-17 14:07:33] : ProcessVoucher -> - ["EXPEDIA"]
[2020-12-17 14:07:33] : Error:: > ProcessVoucher -> NSError Error Domain=NSCocoaErrorDomain Code=260 "The file doesn’t exist."
[2020-12-17 14:07:33] : ProcessVoucher -> - ["EXPEDIA BOOKING # 1723298569 FOR GUEST ANDRESKI, ARRIVING: 30-JAN-2021"]
[2020-12-17 14:07:33] : ProcessVoucher -> - ["EXPEDIA"]
[2020-12-17 14:07:33] : Error:: > ProcessVoucher -> NSError Error Domain=NSCocoaErrorDomain Code=260 "The file doesn’t exist."
[2020-12-17 14:07:33] : ProcessVoucher -> - ["RE: BOOKING.COM BOOKING # 3725507248 FOR BARTELS, BRAD"]
[2020-12-17 14:07:33] : ProcessVoucher -> - ["REPLY OR FWD"]
[2020-12-17 14:07:33] : Error:: > ProcessVoucher -> InfoError ReplyOrFwd
[2020-12-17 14:07:33] : ProcessVoucher -> - ["RE: BOOKING.COM BOOKING # 2909540271 FOR SANDLAND, SOPHIA"]
[2020-12-17 14:07:33] : ProcessVoucher -> - ["REPLY OR FWD"]
[2020-12-17 14:07:33] : Error:: > ProcessVoucher -> InfoError ReplyOrFwd
[2020-12-17 14:07:34] : ProcessVoucher -> - ["RE: BOOKING.COM BOOKING # 3228199307 FOR BARTELS, BRAD"]
[2020-12-17 14:07:34] : ProcessVoucher -> - ["REPLY OR FWD"]
[2020-12-17 14:07:34] : Error:: > ProcessVoucher -> InfoError ReplyOrFwd
[2020-12-17 14:07:34] : ProcessVoucher -> - ["RE: BOOKING.COM BOOKING # 3725507248 FOR BARTELS, BRAD"]
[2020-12-17 14:07:34] : ProcessVoucher -> - ["REPLY OR FWD"]
[2020-12-17 14:07:34] : Error:: > ProcessVoucher -> InfoError ReplyOrFwd
[2020-12-17 14:07:34] : ProcessVoucher -> - ["BOOKING.COM BOOKING # 2909540271 FOR SANDLAND, SOPHIA"]
[2020-12-17 14:07:34] : ProcessVoucher -> - ["BOOKING.COM"]
[2020-12-17 14:07:34] : Error:: > ProcessVoucher -> NSError Error Domain=NSCocoaErrorDomain Code=260 "The file doesn’t exist."
[2020-12-17 14:07:34] : ProcessVoucher -> - ["RE: BOOKING.COM BOOKING # 2608528644 FOR VAN EGDOM, CARISSA"]
[2020-12-17 14:07:34] : ProcessVoucher -> - ["REPLY OR FWD"]
[2020-12-17 14:07:34] : Error:: > ProcessVoucher -> InfoError ReplyOrFwd
[2020-12-17 14:07:34] : ProcessVoucher -> - ["BOOKING.COM CANCELLATION FOR # 3677372823 FOR WATERSON, MARK"]
[2020-12-17 14:07:34] : ProcessVoucher -> - ["BOOKING.COM"]
[2020-12-17 14:07:34] : Error:: > ProcessVoucher -> NSError Error Domain=NSCocoaErrorDomain Code=260 "The file doesn’t exist."
[2020-12-17 14:07:34] : ProcessVoucher -> - ["BOOKING.COM BOOKING # 3725507248 FOR BARTELS, BRAD"]
[2020-12-17 14:07:34] : ProcessVoucher -> - ["BOOKING.COM"]
[2020-12-17 14:07:34] : Error:: > ProcessVoucher -> NSError Error Domain=NSCocoaErrorDomain Code=260 "The file doesn’t exist."
[2020-12-17 14:07:34] : ProcessVoucher -> - ["BOOKING.COM BOOKING # 3228199307 FOR BARTELS, BRAD"]
[2020-12-17 14:07:34] : ProcessVoucher -> - ["BOOKING.COM"]
[2020-12-17 14:07:34] : Error:: > ProcessVoucher -> NSError Error Domain=NSCocoaErrorDomain Code=260 "The file doesn’t exist."
[2020-12-17 14:07:34] : ProcessVoucher -> - ["BOOKING.COM BOOKING # 2608528644 FOR VAN EGDOM, CARISSA"]
[2020-12-17 14:07:34] : ProcessVoucher -> - ["BOOKING.COM"]
[2020-12-17 14:07:34] : Error:: > ProcessVoucher -> NSError Error Domain=NSCocoaErrorDomain Code=260 "The file doesn’t exist."
[2020-12-17 14:07:34] : ProcessVoucher -> - ["RE: BOOKING.COM BOOKING # 3325560578 FOR WATERSON, MARK"]
[2020-12-17 14:07:34] : ProcessVoucher -> - ["REPLY OR FWD"]
[2020-12-17 14:07:34] : Error:: > ProcessVoucher -> InfoError ReplyOrFwd
[2020-12-17 14:07:34] : ProcessVoucher -> - ["BOOKING.COM CANCELLATION FOR # 3325560578 FOR WATERSON, MARK"]
[2020-12-17 14:07:34] : ProcessVoucher -> - ["BOOKING.COM"]
[2020-12-17 14:07:34] : Error:: > ProcessVoucher -> NSError Error Domain=NSCocoaErrorDomain Code=260 "The file doesn’t exist."
[2020-12-17 14:07:34] : ProcessVoucher -> - ["BOOKING.COM BOOKING # 3095423934 FOR HODGINS, COLLEEN"]
[2020-12-17 14:07:34] : ProcessVoucher -> - ["BOOKING.COM"]
[2020-12-17 14:07:34] : Error:: > ProcessVoucher -> NSError Error Domain=NSCocoaErrorDomain Code=260 "The file doesn’t exist."
[2020-12-17 14:07:34] : ProcessVoucher -> - ["BOOKING.COM BOOKING # 2909583845 FOR XU, RUOYU"]
[2020-12-17 14:07:34] : ProcessVoucher -> - ["BOOKING.COM"]
[2020-12-17 14:07:34] : Error:: > ProcessVoucher -> NSError Error Domain=NSCocoaErrorDomain Code=260 "The file doesn’t exist."
[2020-12-17 14:07:34] : ProcessVoucher -> - ["BOOKING.COM BOOKING # 3095410327 FOR TRAN, TIANA"]
[2020-12-17 14:07:34] : ProcessVoucher -> - ["BOOKING.COM"]
[2020-12-17 14:07:35] : Error:: > ProcessVoucher -> NSError Error Domain=NSCocoaErrorDomain Code=260 "The file doesn’t exist."
[2020-12-17 14:07:35] : ProcessVoucher -> - ["BOOKING.COM CANCELLATION FOR # 3228111282 FOR STRIDIRON, GLENN"]
[2020-12-17 14:07:35] : ProcessVoucher -> - ["BOOKING.COM"]
[2020-12-17 14:07:35] : Error:: > ProcessVoucher -> NSError Error Domain=NSCocoaErrorDomain Code=260 "The file doesn’t exist."
[2020-12-17 14:07:35] : ProcessVoucher -> - ["BOOKING.COM BOOKING # 3228116896 FOR CHIOUB, MEHDI"]
[2020-12-17 14:07:35] : ProcessVoucher -> - ["BOOKING.COM"]
[2020-12-17 14:07:35] : Error:: > ProcessVoucher -> NSError Error Domain=NSCocoaErrorDomain Code=260 "The file doesn’t exist."
[2020-12-17 14:07:35] : ProcessVoucher -> - ["client.messages.modify, success 1766ea6be38c716d"]
[2020-12-17 14:07:35] : ProcessVoucher -> - ["client.messages.modify, success 1766ea9c2d6b831e"]
[2020-12-17 14:07:35] : ProcessVoucher -> - ["client.messages.modify, success 1766e79c678354f0"]
[2020-12-17 14:07:35] : ProcessVoucher -> - ["client.messages.modify, success 1766e5154f07536d"]
[2020-12-17 14:07:35] : ProcessVoucher -> - ["client.messages.modify, success 1766e9cecdc59a6d"]
[2020-12-17 14:07:35] : ProcessVoucher -> - ["client.messages.modify, success 1766e4ea1d0d948c"]
[2020-12-17 14:07:36] : ProcessVoucher -> - ["client.messages.modify, success 1766e01eaf46c2b4"]
[2020-12-17 14:07:36] : ProcessVoucher -> - ["client.messages.modify, success 1766e8462cd859c8"]
[2020-12-17 14:07:36] : ProcessVoucher -> - ["client.messages.modify, success 1766e22ae8013032"]
[2020-12-17 14:07:36] : ProcessVoucher -> - ["client.messages.modify, success 1766c5ff2365849f"]
[2020-12-17 14:07:36] : ProcessVoucher -> - ["client.messages.modify, success 1766d38f26c05ef6"]
[2020-12-17 14:07:36] : ProcessVoucher -> - ["client.messages.modify, success 1766d0c33e014dab"]
[2020-12-17 14:07:36] : ProcessVoucher -> - ["client.messages.modify, success 1766ea45c40a41df"]
[2020-12-17 14:07:36] : ProcessVoucher -> - ["client.messages.modify, success 1766c550280eeada"]
[2020-12-17 14:07:37] : ProcessVoucher -> - ["client.messages.modify, success 1766c53596b92aff"]
[2020-12-17 14:07:37] : ProcessVoucher -> - ["client.messages.modify, success 1766c4d774dd4c15"]
[2020-12-17 14:07:37] : ProcessVoucher -> - ["client.messages.modify, success 1766ba1bd0df5322"]
[2020-12-17 14:07:37] : ProcessVoucher -> - ["client.messages.modify, success 1766b6c56a2f74a5"]
[2020-12-17 14:07:37] : ProcessVoucher -> - ["client.messages.modify, success 1766b5a60d9f5988"]
[2020-12-17 14:07:37] : ProcessVoucher -> - ["client.messages.modify, success 1766bdb69795da4f"]
[2020-12-17 14:07:37] : ProcessVoucher -> - ["client.messages.modify, success 1766b289250d3e10"]
[2020-12-17 14:07:38] : ProcessVoucher -> - ["client.messages.modify, success 1766b4046c443910"]
[2020-12-17 14:07:38] : ProcessVoucher -> - ["client.messages.modify, success 1766b34419402bfd"]
[2020-12-17 14:07:38] : ProcessVoucher -> - ["client.messages.modify, success 1766b596fb6e12d6"]
[2020-12-17 14:07:38] : ProcessVoucher -> - ["client.messages.modify, success 1766b26669365f78"]
[2020-12-17 14:07:38] : ProcessVoucher -> - ["client.messages.modify, success 1766b269f17da5bd"]
[2020-12-17 14:07:38] : ProcessVoucher -> - ["client.messages.modify, success 1766b23225f198ef"]
[2020-12-17 14:07:38] : ProcessVoucher -> - ["client.messages.modify, success 1766b17f151c938e"]
[2020-12-17 14:07:39] : ProcessVoucher -> - ["client.messages.modify, success 1766b179e7e3fe4b"]
[2020-12-17 14:07:39] : ProcessVoucher -> - ["client.messages.modify, success 1766b0f35c5016ac"]
[2020-12-17 14:07:39] : ProcessVoucher -> - ["client.messages.modify, success 1766b196a7550200"]
[2020-12-17 14:07:39] : ProcessVoucher -> - ["client.messages.modify, success 1766b0f326ecd47d"]
[2020-12-17 14:07:39] : ProcessVoucher -> - ["client.messages.modify, success 1766b06827b7e0a9"]
[2020-12-17 14:07:39] : ProcessVoucher -> - ["client.messages.modify, success 1766b0f350c2342e"]
[2020-12-17 14:07:39] : ProcessVoucher -> - ["client.messages.modify, success 1766b010479bd40d"]
[2020-12-17 14:07:40] : ProcessVoucher -> - ["client.messages.modify, success 1766af3499e518b6"]
[2020-12-17 14:07:40] : ProcessVoucher -> - ["client.messages.modify, success 1766ae7af6960526"]
[2020-12-17 14:07:40] : ProcessVoucher -> - ["client.messages.modify, success 1766aea9f5bf3a2a"]
[2020-12-17 14:07:40] : ProcessVoucher -> - ["client.messages.modify, success 1766ad7258baa283"]
[2020-12-17 14:07:40] : ProcessVoucher -> - ["client.messages.modify, success 1766acf59806569c"]
[2020-12-17 14:07:40] : ProcessVoucher -> - ["client.messages.modify, success 1766abfbfd3b0c27"]
[2020-12-17 14:07:40] : ProcessVoucher -> - ["client.messages.modify, success 1766ac25053a96f0"]
[2020-12-17 14:07:40] : ProcessVoucher -> - ["client.messages.modify, success 1766abce55834fec"]
[2020-12-17 14:07:41] : ProcessVoucher -> - ["client.messages.modify, success 1766aaa278328501"]
[2020-12-17 14:07:41] : ProcessVoucher -> - ["client.messages.modify, success 1766a9b25d786683"]
[2020-12-17 14:07:41] : ProcessVoucher -> - ["client.messages.modify, success 1766ab9243db8e7b"]
[2020-12-17 14:07:41] : ProcessVoucher -> - ["client.messages.modify, success 1766a06c181a7a2a"]
[2020-12-17 14:07:41] : ProcessVoucher -> - ["client.messages.modify, success 1766a39ba80fa7a7"]
[2020-12-17 14:07:41] : ProcessVoucher -> - ["client.messages.modify, success 17669c121229a738"]
[2020-12-17 14:07:41] : ProcessVoucher -> - ["client.messages.modify, success 1766970b950e533d"]
[2020-12-17 14:08:12] : ProcessVoucher -> - ["Getting Id 1766956e1d202872"]
[2020-12-17 14:08:12] : ProcessVoucher -> - ["Getting Id 17669321d31bbeee"]
[2020-12-17 14:08:12] : ProcessVoucher -> - ["Getting Id 176692a4c4080608"]
[2020-12-17 14:08:12] : ProcessVoucher -> - ["Getting Id 176692a16976a0e8"]
[2020-12-17 14:08:12] : ProcessVoucher -> - ["Getting Id 17668f99105e3cfd"]
[2020-12-17 14:08:12] : ProcessVoucher -> - ["Getting Id 17668ed9fcdcdcf2"]
[2020-12-17 14:08:12] : ProcessVoucher -> - ["Getting Id 17668ed5f38c21f6"]
[2020-12-17 14:08:12] : ProcessVoucher -> - ["Getting Id 17668ce720bb748c"]
[2020-12-17 14:08:12] : ProcessVoucher -> - ["Getting Id 17668cd8462e24d9"]
[2020-12-17 14:08:12] : ProcessVoucher -> - ["Getting Id 176688a6902864ca"]
[2020-12-17 14:08:12] : ProcessVoucher -> - ["Getting Id 17668838c597bd20"]
[2020-12-17 14:08:12] : ProcessVoucher -> - ["Getting Id 17667d0131893f9a"]
[2020-12-17 14:08:12] : ProcessVoucher -> - ["Getting Id 17666a1cf4e46aee"]
[2020-12-17 14:08:12] : ProcessVoucher -> - ["Getting Id 1766640af8a1518c"]
[2020-12-17 14:08:12] : ProcessVoucher -> - ["Getting Id 1766631706d70c17"]
[2020-12-17 14:08:12] : ProcessVoucher -> - ["Getting Id 1766628997358403"]
[2020-12-17 14:08:12] : ProcessVoucher -> - ["Getting Id 1766620535b99b20"]
[2020-12-17 14:08:12] : ProcessVoucher -> - ["Getting Id 1766609f52a7168e"]
[2020-12-17 14:08:12] : ProcessVoucher -> - ["Getting Id 17665e9a697ca30a"]
[2020-12-17 14:08:12] : ProcessVoucher -> - ["Getting Id 17665d6ac621c22f"]
[2020-12-17 14:08:12] : ProcessVoucher -> - ["Getting Id 176657cb4337efc3"]
[2020-12-17 14:08:12] : ProcessVoucher -> - ["Getting Id 17665778c7f35581"]
[2020-12-17 14:08:12] : ProcessVoucher -> - ["RE: BOOKING # 23385884 FOR NATALIA MILOVANOVIC"]
[2020-12-17 14:08:12] : ProcessVoucher -> - ["REPLY OR FWD"]
[2020-12-17 14:08:12] : Error:: > ProcessVoucher -> InfoError ReplyOrFwd
[2020-12-17 14:08:12] : ProcessVoucher -> - ["BOOKING # 23385884 FOR NATALIA MILOVANOVIC"]
[2020-12-17 14:08:12] : ProcessVoucher -> - ["BOOKING"]
[2020-12-17 14:08:12] : Error:: > ProcessVoucher -> NSError Error Domain=NSCocoaErrorDomain Code=260 "The file doesn’t exist."
[2020-12-17 14:08:12] : ProcessVoucher -> - ["SKPIPPING AUTO GEN FROM RMS"]
[2020-12-17 14:08:12] : Error:: > ProcessVoucher -> InfoError RMSAUTOGEN
[2020-12-17 14:08:12] : ProcessVoucher -> - ["BOOKING.COM CANCELLATION FOR # 2191240463 FOR BADIE, BRIAN"]
[2020-12-17 14:08:12] : ProcessVoucher -> - ["BOOKING.COM"]
[2020-12-17 14:08:12] : Error:: > ProcessVoucher -> NSError Error Domain=NSCocoaErrorDomain Code=260 "The file doesn’t exist."
[2020-12-17 14:08:12] : ProcessVoucher -> - ["BOOKING.COM CANCELLATION FOR # 2664004956 FOR SMITH, JENNIFER"]
[2020-12-17 14:08:12] : ProcessVoucher -> - ["BOOKING.COM"]
[2020-12-17 14:08:12] : Error:: > ProcessVoucher -> NSError Error Domain=NSCocoaErrorDomain Code=260 "The file doesn’t exist."
[2020-12-17 14:08:12] : ProcessVoucher -> - ["RE: BOOKING # 23384944 FOR KRISTINE CHAMBERS"]
[2020-12-17 14:08:12] : ProcessVoucher -> - ["REPLY OR FWD"]
[2020-12-17 14:08:12] : Error:: > ProcessVoucher -> InfoError ReplyOrFwd
[2020-12-17 14:08:12] : ProcessVoucher -> - ["BOOKING # 23384944 FOR KRISTINE CHAMBERS"]
[2020-12-17 14:08:12] : ProcessVoucher -> - ["BOOKING"]
[2020-12-17 14:08:12] : Error:: > ProcessVoucher -> NSError Error Domain=NSCocoaErrorDomain Code=260 "The file doesn’t exist."
[2020-12-17 14:08:12] : ProcessVoucher -> - ["SKPIPPING AUTO GEN FROM RMS"]
[2020-12-17 14:08:12] : Error:: > ProcessVoucher -> InfoError RMSAUTOGEN
[2020-12-17 14:08:13] : ProcessVoucher -> - ["RE: RESERVATION CONFIRMED - KENNEITH YIP ARRIVES 21 DEC"]
[2020-12-17 14:08:13] : ProcessVoucher -> - ["REPLY OR FWD"]
[2020-12-17 14:08:13] : Error:: > ProcessVoucher -> InfoError ReplyOrFwd
[2020-12-17 14:08:13] : ProcessVoucher -> - ["RE: URGENT ACTION NEEDED: RMS BOOKING ERROR 40180JAZZ CRANE"]
[2020-12-17 14:08:13] : ProcessVoucher -> - ["REPLY OR FWD"]
[2020-12-17 14:08:13] : Error:: > ProcessVoucher -> InfoError ReplyOrFwd
[2020-12-17 14:08:13] : ProcessVoucher -> - ["RE: BOOKING.COM BOOKING # 3299648865 FOR DROOG, EUAN"]
[2020-12-17 14:08:13] : ProcessVoucher -> - ["REPLY OR FWD"]
[2020-12-17 14:08:13] : Error:: > ProcessVoucher -> InfoError ReplyOrFwd
[2020-12-17 14:08:13] : ProcessVoucher -> - ["BOOKING.COM BOOKING # 2334571396 FOR VINCENT - KITCHEN, GEORGIA"]
[2020-12-17 14:08:13] : ProcessVoucher -> - ["BOOKING.COM"]
[2020-12-17 14:08:13] : Error:: > ProcessVoucher -> NSError Error Domain=NSCocoaErrorDomain Code=260 "The file doesn’t exist."
[2020-12-17 14:08:13] : ProcessVoucher -> - ["BOOKING.COM CANCELLATION FOR # 3582582072 FOR MANEEWONGVIJIT, AKARAT"]
[2020-12-17 14:08:13] : ProcessVoucher -> - ["BOOKING.COM"]
[2020-12-17 14:08:13] : Error:: > ProcessVoucher -> NSError Error Domain=NSCocoaErrorDomain Code=260 "The file doesn’t exist."
[2020-12-17 14:08:13] : ProcessVoucher -> - ["RE: RESERVATION CONFIRMED - MATTHEW XU ARRIVES 4 JAN"]
[2020-12-17 14:08:13] : ProcessVoucher -> - ["REPLY OR FWD"]
[2020-12-17 14:08:13] : Error:: > ProcessVoucher -> InfoError ReplyOrFwd
[2020-12-17 14:08:13] : ProcessVoucher -> - ["RE: RESERVATION CONFIRMED - STEPHANIE LOW ARRIVES 20 FEB"]
[2020-12-17 14:08:13] : ProcessVoucher -> - ["REPLY OR FWD"]
[2020-12-17 14:08:13] : Error:: > ProcessVoucher -> InfoError ReplyOrFwd
[2020-12-17 14:08:13] : ProcessVoucher -> - ["BOOKING.COM BOOKING # 3299648865 FOR DROOG, EUAN"]
[2020-12-17 14:08:13] : ProcessVoucher -> - ["BOOKING.COM"]
[2020-12-17 14:08:13] : Error:: > ProcessVoucher -> NSError Error Domain=NSCocoaErrorDomain Code=260 "The file doesn’t exist."
[2020-12-17 14:08:13] : ProcessVoucher -> - ["RE: BOOKING.COM BOOKING # 2334582803 FOR DUSTAN, ADAM"]
[2020-12-17 14:08:13] : ProcessVoucher -> - ["REPLY OR FWD"]
[2020-12-17 14:08:13] : Error:: > ProcessVoucher -> InfoError ReplyOrFwd
[2020-12-17 14:08:13] : ProcessVoucher -> - ["RE: RESERVATION CONFIRMED - MATTHEW XU ARRIVES 4 JAN"]
[2020-12-17 14:08:13] : ProcessVoucher -> - ["REPLY OR FWD"]
[2020-12-17 14:08:13] : Error:: > ProcessVoucher -> InfoError ReplyOrFwd
[2020-12-17 14:08:13] : ProcessVoucher -> - ["RE: RESERVATION CONFIRMED - SAM NAM ARRIVES 30 DEC"]
[2020-12-17 14:08:13] : ProcessVoucher -> - ["REPLY OR FWD"]
[2020-12-17 14:08:13] : Error:: > ProcessVoucher -> InfoError ReplyOrFwd
[2020-12-17 14:08:13] : ProcessVoucher -> - ["BOOKING.COM BOOKING # 2334582803 FOR DUSTAN, ADAM"]
[2020-12-17 14:08:13] : ProcessVoucher -> - ["BOOKING.COM"]
[2020-12-17 14:08:13] : Error:: > ProcessVoucher -> NSError Error Domain=NSCocoaErrorDomain Code=260 "The file doesn’t exist."
[2020-12-17 14:08:13] : ProcessVoucher -> - ["RE: RESERVATION CONFIRMED - WAYNE ZHAO ARRIVES 15 DEC"]
[2020-12-17 14:08:13] : ProcessVoucher -> - ["REPLY OR FWD"]
[2020-12-17 14:08:13] : Error:: > ProcessVoucher -> InfoError ReplyOrFwd
[2020-12-17 14:08:13] : ProcessVoucher -> - ["BOOKING.COM CANCELLATION FOR # 2549905688 FOR ALFONSO, JOANNA"]
[2020-12-17 14:08:13] : ProcessVoucher -> - ["BOOKING.COM"]
[2020-12-17 14:08:13] : Error:: > ProcessVoucher -> NSError Error Domain=NSCocoaErrorDomain Code=260 "The file doesn’t exist."
[2020-12-17 14:08:13] : ProcessVoucher -> - ["client.messages.modify, success 17669321d31bbeee"]
[2020-12-17 14:08:14] : ProcessVoucher -> - ["client.messages.modify, success 176692a16976a0e8"]
[2020-12-17 14:08:14] : ProcessVoucher -> - ["client.messages.modify, success 176692a4c4080608"]
[2020-12-17 14:08:14] : ProcessVoucher -> - ["client.messages.modify, success 1766956e1d202872"]
[2020-12-17 14:08:14] : ProcessVoucher -> - ["client.messages.modify, success 17668ce720bb748c"]
[2020-12-17 14:08:14] : ProcessVoucher -> - ["client.messages.modify, success 17668f99105e3cfd"]
[2020-12-17 14:08:14] : ProcessVoucher -> - ["client.messages.modify, success 176688a6902864ca"]
[2020-12-17 14:08:14] : ProcessVoucher -> - ["client.messages.modify, success 17668ed5f38c21f6"]
[2020-12-17 14:08:14] : ProcessVoucher -> - ["client.messages.modify, success 17668ed9fcdcdcf2"]
[2020-12-17 14:08:15] : ProcessVoucher -> - ["client.messages.modify, success 17668838c597bd20"]
[2020-12-17 14:08:15] : ProcessVoucher -> - ["client.messages.modify, success 17667d0131893f9a"]
[2020-12-17 14:08:15] : ProcessVoucher -> - ["client.messages.modify, success 17668cd8462e24d9"]
[2020-12-17 14:08:15] : ProcessVoucher -> - ["client.messages.modify, success 17666a1cf4e46aee"]
[2020-12-17 14:08:15] : ProcessVoucher -> - ["client.messages.modify, success 1766631706d70c17"]
[2020-12-17 14:08:15] : ProcessVoucher -> - ["client.messages.modify, success 1766628997358403"]
[2020-12-17 14:08:15] : ProcessVoucher -> - ["client.messages.modify, success 1766640af8a1518c"]
[2020-12-17 14:08:16] : ProcessVoucher -> - ["client.messages.modify, success 1766609f52a7168e"]
[2020-12-17 14:08:16] : ProcessVoucher -> - ["client.messages.modify, success 1766620535b99b20"]
[2020-12-17 14:08:16] : ProcessVoucher -> - ["client.messages.modify, success 17665e9a697ca30a"]
[2020-12-17 14:08:16] : ProcessVoucher -> - ["client.messages.modify, success 17665d6ac621c22f"]
[2020-12-17 14:08:16] : ProcessVoucher -> - ["client.messages.modify, success 17665778c7f35581"]
[2020-12-17 14:08:16] : ProcessVoucher -> - ["client.messages.modify, success 176657cb4337efc3"]
